Starting project at D:\reader-app-master5\reader-app-master
React Compiler enabled
Starting Metro Bundler
Waiting on http://localhost:8082
Logs for your project will appear below.
Web node_modules\expo-router\entry.js ░░░░░░░░░░░░░░░░  0.0% (0/1)
Web node_modules\expo-router\entry.js ░░░░░░░░░░░░░░░░  1.0% (1/1)
λ node_modules\expo-router\node\render.js ▓░░░░░░░░░░░░░░░ 12.3% ( 88/251)
Web node_modules\expo-router\entry.js ▓▓▓▓▓░░░░░░░░░░░ 31.4% (219/391)
λ node_modules\expo-router\node\render.js ▓▓▓▓▓▓▓▓▓▓░░░░░░ 63.5% (467/602)
Web node_modules\expo-router\entry.js ▓▓▓▓▓▓▓▓▓▓░░░░░░ 62.9% (577/735)
λ node_modules\expo-router\node\render.js ▓▓▓▓▓▓▓▓▓▓░░░░░░ 67.8% (708/868)
Web node_modules\expo-router\entry.js ▓▓▓▓▓▓▓▓▓▓▓░░░░░ 74.8% ( 854/1036)
λ node_modules\expo-router\node\render.js ▓▓▓▓▓▓▓▓▓▓▓▓░░░░ 81.0% (1010/1122)
Web node_modules\expo-router\entry.js ▓▓▓▓▓▓▓▓▓▓▓▓▓░░░ 82.7% (1067/1173)
λ node_modules\expo-router\node\render.js ▓▓▓▓▓▓▓▓▓▓▓▓▓░░░ 83.9% (1229/1342)
Web node_modules\expo-router\entry.js ▓▓▓▓▓▓▓▓▓▓▓▓▓▓▓░ 94.3% (1346/1386)
λ node_modules\expo-router\node\render.js ▓▓▓▓▓▓▓▓▓▓▓▓▓▓▓░ 96.1% (1440/1469)
λ Bundled 23908ms node_modules\expo-router\node\render.js (1602 modules)
Web node_modules\expo-router\entry.js ▓▓▓▓▓▓▓▓▓▓▓▓▓▓▓░ 99.9% (1535/1535)

Metro error: this.validatePath is not a function

Call Stack
  factory (shared\importedBooksStore.ts)
  factory (app\index.tsx)
Web node_modules\expo-router\entry.js ▓▓▓▓▓▓▓▓▓▓▓▓▓▓▓░ 99.9% (1535/1535)
Web Bundled 26015ms node_modules\expo-router\entry.js (1535 modules)
Web node_modules\expo-router\entry.js ░░░░░░░░░░░░░░░░  0.0% (0/1)
λ Bundled 339ms node_modules\expo-router\node\render.js (1 module)
Web Bundled 1482ms node_modules\expo-router\entry.js (1 module)
Web node_modules\expo-router\entry.js ░░░░░░░░░░░░░░░░  0.0% (0/1)
λ Bundled 309ms node_modules\expo-router\node\render.js (1 module)
Web Bundled 1322ms node_modules\expo-router\entry.js (1 module)
Web node_modules\expo-router\entry.js ░░░░░░░░░░░░░░░░  0.0% (0/1)
λ Bundled 325ms node_modules\expo-router\node\render.js (1 module)
Web Bundled 1625ms node_modules\expo-router\entry.js (1 module)
Web node_modules\expo-router\entry.js ░░░░░░░░░░░░░░░░  0.0% (0/1)
λ Bundled 417ms node_modules\expo-router\node\render.js (1 module)
Web Bundled 1682ms node_modules\expo-router\entry.js (1 module)
