The following packages should be updated for best compatibility with the installed expo version:
  expo@54.0.33 - expected version: ~54.0.35
  expo-font@14.0.11 - expected version: ~14.0.12
  expo-linking@8.0.11 - expected version: ~8.0.12
  expo-router@6.0.23 - expected version: ~6.0.24
  expo-web-browser@15.0.10 - expected version: ~15.0.11
Your project may not work correctly until you install the expected versions of the packages.
[expo-av]: Expo AV has been deprecated and will be removed in SDK 54. Use the `expo-audio` and `expo-video` packages to replace the required functionality.
"shadow*" style props are deprecated. Use "boxShadow".
expo-file-system is not supported on web
expo-file-system is not supported on web
Error: Cannot pipe to a closed or destroyed stream
    at pipelineImpl (node:internal/streams/pipeline:264:15)
    at node:stream/promises:31:5
    at new Promise (<anonymous>)
    at pipeline (node:stream/promises:20:10)
    at respond (D:\reader-app-master5\reader-app-master\node_modules\expo-server\src\vendor\http.ts:138:19)
    at D:\reader-app-master5\reader-app-master\node_modules\expo-server\src\vendor\http.ts:68:13
    at processTicksAndRejections (node:internal/process/task_queues:104:5)
[expo-av]: Expo AV has been deprecated and will be removed in SDK 54. Use the `expo-audio` and `expo-video` packages to replace the required functionality.
"shadow*" style props are deprecated. Use "boxShadow".
λ  WARN  Animated: `useNativeDriver` is not supported because the native animated module is missing. Falling back to JS-based animation. To resolve this, add `RCTAnimation` module to this app, or remove `useNativeDriver`. Make sure to run `bundle exec pod install` first. Read more about autolinking: https://github.com/react-native-community/cli/blob/master/docs/autolinking.md 
  console.warn (D:\reader-app-master5\reader-app-master\node_modules\expo\node_modules\@expo\cli\src\start\server\serverLogLikeMetro.ts:161:21)
  shouldUseNativeDriver (D:\reader-app-master5\reader-app-master\node_modules\react-native-web\dist\vendor\react-native\Animated\NativeAnimatedHelper.js:410:15)
  new AnimatedEvent (D:\reader-app-master5\reader-app-master\node_modules\react-native-web\dist\vendor\react-native\Animated\AnimatedEvent.js:92:44)
  Object.event (D:\reader-app-master5\reader-app-master\node_modules\react-native-web\dist\vendor\react-native\Animated\AnimatedImplementation.js:396:23)
  Component (D:\reader-app-master5\reader-app-master\app\index.tsx:85:34)
  Object.callComponentInDEV [as react-stack-bottom-frame] (D:\reader-app-master5\reader-app-master\node_modules\react-dom\cjs\react-dom-server-legacy.node.development.js:8970:18)
  renderWithHooks (D:\reader-app-master5\reader-app-master\node_modules\react-dom\cjs\react-dom-server-legacy.node.development.js:4699:19)
  run (D:\reader-app-master5\reader-app-master\node_modules\react-dom\cjs\react-dom-server-legacy.node.development.js:5134:23)
  retryNode (D:\reader-app-master5\reader-app-master\node_modules\react-dom\cjs\react-dom-server-legacy.node.development.js:5899:31)
  renderNodeDestructive (D:\reader-app-master5\reader-app-master\node_modules\react-dom\cjs\react-dom-server-legacy.node.development.js:5849:11)
λ  WARN  props.pointerEvents is deprecated. Use style.pointerEvents 
  console.warn (D:\reader-app-master5\reader-app-master\node_modules\expo\node_modules\@expo\cli\src\start\server\serverLogLikeMetro.ts:161:21)
  warnOnce (D:\reader-app-master5\reader-app-master\node_modules\react-native-web\dist\modules\warnOnce\index.js:24:13)
  createDOMProps (D:\reader-app-master5\reader-app-master\node_modules\react-native-web\dist\modules\createDOMProps\index.js:805:13)
  createElement (D:\reader-app-master5\reader-app-master\node_modules\react-native-web\dist\exports\createElement\index.js:23:32)
  Component (D:\reader-app-master5\reader-app-master\node_modules\react-native-web\dist\exports\View\index.js:111:23)
  Object.callComponentInDEV [as react-stack-bottom-frame] (D:\reader-app-master5\reader-app-master\node_modules\react-dom\cjs\react-dom-server-legacy.node.development.js:8970:18)
  renderWithHooks (D:\reader-app-master5\reader-app-master\node_modules\react-dom\cjs\react-dom-server-legacy.node.development.js:4699:19)
  run (D:\reader-app-master5\reader-app-master\node_modules\react-dom\cjs\react-dom-server-legacy.node.development.js:5539:39)
  retryNode (D:\reader-app-master5\reader-app-master\node_modules\react-dom\cjs\react-dom-server-legacy.node.development.js:5899:31)
  renderNodeDestructive (D:\reader-app-master5\reader-app-master\node_modules\react-dom\cjs\react-dom-server-legacy.node.development.js:5849:11)
λ  WARN  Image: style.resizeMode is deprecated. Please use props.resizeMode. 
  console.warn (D:\reader-app-master5\reader-app-master\node_modules\expo\node_modules\@expo\cli\src\start\server\serverLogLikeMetro.ts:161:21)
  warnOnce (D:\reader-app-master5\reader-app-master\node_modules\react-native-web\dist\modules\warnOnce\index.js:24:13)
  extractNonStandardStyleProps (D:\reader-app-master5\reader-app-master\node_modules\react-native-web\dist\exports\Image\index.js:59:13)
  Component (D:\reader-app-master5\reader-app-master\node_modules\react-native-web\dist\exports\Image\index.js:181:31)
  Object.callComponentInDEV [as react-stack-bottom-frame] (D:\reader-app-master5\reader-app-master\node_modules\react-dom\cjs\react-dom-server-legacy.node.development.js:8970:18)
  renderWithHooks (D:\reader-app-master5\reader-app-master\node_modules\react-dom\cjs\react-dom-server-legacy.node.development.js:4699:19)
  run (D:\reader-app-master5\reader-app-master\node_modules\react-dom\cjs\react-dom-server-legacy.node.development.js:5539:39)
  retryNode (D:\reader-app-master5\reader-app-master\node_modules\react-dom\cjs\react-dom-server-legacy.node.development.js:5899:31)
  renderNodeDestructive (D:\reader-app-master5\reader-app-master\node_modules\react-dom\cjs\react-dom-server-legacy.node.development.js:5849:11)
  renderNode (D:\reader-app-master5\reader-app-master\node_modules\react-dom\cjs\react-dom-server-legacy.node.development.js:6306:18)
[expo-av]: Expo AV has been deprecated and will be removed in SDK 54. Use the `expo-audio` and `expo-video` packages to replace the required functionality.
"shadow*" style props are deprecated. Use "boxShadow".
λ  WARN  Animated: `useNativeDriver` is not supported because the native animated module is missing. Falling back to JS-based animation. To resolve this, add `RCTAnimation` module to this app, or remove `useNativeDriver`. Make sure to run `bundle exec pod install` first. Read more about autolinking: https://github.com/react-native-community/cli/blob/master/docs/autolinking.md 
  console.warn (D:\reader-app-master5\reader-app-master\node_modules\expo\node_modules\@expo\cli\src\start\server\serverLogLikeMetro.ts:161:21)
  shouldUseNativeDriver (D:\reader-app-master5\reader-app-master\node_modules\react-native-web\dist\vendor\react-native\Animated\NativeAnimatedHelper.js:410:15)
  new AnimatedEvent (D:\reader-app-master5\reader-app-master\node_modules\react-native-web\dist\vendor\react-native\Animated\AnimatedEvent.js:92:44)
  Object.event (D:\reader-app-master5\reader-app-master\node_modules\react-native-web\dist\vendor\react-native\Animated\AnimatedImplementation.js:396:23)
  Component (D:\reader-app-master5\reader-app-master\app\index.tsx:85:34)
  Object.callComponentInDEV [as react-stack-bottom-frame] (D:\reader-app-master5\reader-app-master\node_modules\react-dom\cjs\react-dom-server-legacy.node.development.js:8970:18)
  renderWithHooks (D:\reader-app-master5\reader-app-master\node_modules\react-dom\cjs\react-dom-server-legacy.node.development.js:4699:19)
  run (D:\reader-app-master5\reader-app-master\node_modules\react-dom\cjs\react-dom-server-legacy.node.development.js:5134:23)
  retryNode (D:\reader-app-master5\reader-app-master\node_modules\react-dom\cjs\react-dom-server-legacy.node.development.js:5899:31)
  renderNodeDestructive (D:\reader-app-master5\reader-app-master\node_modules\react-dom\cjs\react-dom-server-legacy.node.development.js:5849:11)
λ  WARN  props.pointerEvents is deprecated. Use style.pointerEvents 
  console.warn (D:\reader-app-master5\reader-app-master\node_modules\expo\node_modules\@expo\cli\src\start\server\serverLogLikeMetro.ts:161:21)
  warnOnce (D:\reader-app-master5\reader-app-master\node_modules\react-native-web\dist\modules\warnOnce\index.js:24:13)
  createDOMProps (D:\reader-app-master5\reader-app-master\node_modules\react-native-web\dist\modules\createDOMProps\index.js:805:13)
  createElement (D:\reader-app-master5\reader-app-master\node_modules\react-native-web\dist\exports\createElement\index.js:23:32)
  Component (D:\reader-app-master5\reader-app-master\node_modules\react-native-web\dist\exports\View\index.js:111:23)
  Object.callComponentInDEV [as react-stack-bottom-frame] (D:\reader-app-master5\reader-app-master\node_modules\react-dom\cjs\react-dom-server-legacy.node.development.js:8970:18)
  renderWithHooks (D:\reader-app-master5\reader-app-master\node_modules\react-dom\cjs\react-dom-server-legacy.node.development.js:4699:19)
  run (D:\reader-app-master5\reader-app-master\node_modules\react-dom\cjs\react-dom-server-legacy.node.development.js:5539:39)
  retryNode (D:\reader-app-master5\reader-app-master\node_modules\react-dom\cjs\react-dom-server-legacy.node.development.js:5899:31)
  renderNodeDestructive (D:\reader-app-master5\reader-app-master\node_modules\react-dom\cjs\react-dom-server-legacy.node.development.js:5849:11)
λ  WARN  Image: style.resizeMode is deprecated. Please use props.resizeMode. 
  console.warn (D:\reader-app-master5\reader-app-master\node_modules\expo\node_modules\@expo\cli\src\start\server\serverLogLikeMetro.ts:161:21)
  warnOnce (D:\reader-app-master5\reader-app-master\node_modules\react-native-web\dist\modules\warnOnce\index.js:24:13)
  extractNonStandardStyleProps (D:\reader-app-master5\reader-app-master\node_modules\react-native-web\dist\exports\Image\index.js:59:13)
  Component (D:\reader-app-master5\reader-app-master\node_modules\react-native-web\dist\exports\Image\index.js:181:31)
  Object.callComponentInDEV [as react-stack-bottom-frame] (D:\reader-app-master5\reader-app-master\node_modules\react-dom\cjs\react-dom-server-legacy.node.development.js:8970:18)
  renderWithHooks (D:\reader-app-master5\reader-app-master\node_modules\react-dom\cjs\react-dom-server-legacy.node.development.js:4699:19)
  run (D:\reader-app-master5\reader-app-master\node_modules\react-dom\cjs\react-dom-server-legacy.node.development.js:5539:39)
  retryNode (D:\reader-app-master5\reader-app-master\node_modules\react-dom\cjs\react-dom-server-legacy.node.development.js:5899:31)
  renderNodeDestructive (D:\reader-app-master5\reader-app-master\node_modules\react-dom\cjs\react-dom-server-legacy.node.development.js:5849:11)
  renderNode (D:\reader-app-master5\reader-app-master\node_modules\react-dom\cjs\react-dom-server-legacy.node.development.js:6306:18)
[expo-av]: Expo AV has been deprecated and will be removed in SDK 54. Use the `expo-audio` and `expo-video` packages to replace the required functionality.
"shadow*" style props are deprecated. Use "boxShadow".
λ  WARN  Animated: `useNativeDriver` is not supported because the native animated module is missing. Falling back to JS-based animation. To resolve this, add `RCTAnimation` module to this app, or remove `useNativeDriver`. Make sure to run `bundle exec pod install` first. Read more about autolinking: https://github.com/react-native-community/cli/blob/master/docs/autolinking.md 
  console.warn (D:\reader-app-master5\reader-app-master\node_modules\expo\node_modules\@expo\cli\src\start\server\serverLogLikeMetro.ts:161:21)
  shouldUseNativeDriver (D:\reader-app-master5\reader-app-master\node_modules\react-native-web\dist\vendor\react-native\Animated\NativeAnimatedHelper.js:410:15)
  new AnimatedEvent (D:\reader-app-master5\reader-app-master\node_modules\react-native-web\dist\vendor\react-native\Animated\AnimatedEvent.js:92:44)
  Object.event (D:\reader-app-master5\reader-app-master\node_modules\react-native-web\dist\vendor\react-native\Animated\AnimatedImplementation.js:396:23)
  Component (D:\reader-app-master5\reader-app-master\app\index.tsx:85:34)
  Object.callComponentInDEV [as react-stack-bottom-frame] (D:\reader-app-master5\reader-app-master\node_modules\react-dom\cjs\react-dom-server-legacy.node.development.js:8970:18)
  renderWithHooks (D:\reader-app-master5\reader-app-master\node_modules\react-dom\cjs\react-dom-server-legacy.node.development.js:4699:19)
  run (D:\reader-app-master5\reader-app-master\node_modules\react-dom\cjs\react-dom-server-legacy.node.development.js:5134:23)
  retryNode (D:\reader-app-master5\reader-app-master\node_modules\react-dom\cjs\react-dom-server-legacy.node.development.js:5899:31)
  renderNodeDestructive (D:\reader-app-master5\reader-app-master\node_modules\react-dom\cjs\react-dom-server-legacy.node.development.js:5849:11)
λ  WARN  props.pointerEvents is deprecated. Use style.pointerEvents 
  console.warn (D:\reader-app-master5\reader-app-master\node_modules\expo\node_modules\@expo\cli\src\start\server\serverLogLikeMetro.ts:161:21)
  warnOnce (D:\reader-app-master5\reader-app-master\node_modules\react-native-web\dist\modules\warnOnce\index.js:24:13)
  createDOMProps (D:\reader-app-master5\reader-app-master\node_modules\react-native-web\dist\modules\createDOMProps\index.js:805:13)
  createElement (D:\reader-app-master5\reader-app-master\node_modules\react-native-web\dist\exports\createElement\index.js:23:32)
  Component (D:\reader-app-master5\reader-app-master\node_modules\react-native-web\dist\exports\View\index.js:111:23)
  Object.callComponentInDEV [as react-stack-bottom-frame] (D:\reader-app-master5\reader-app-master\node_modules\react-dom\cjs\react-dom-server-legacy.node.development.js:8970:18)
  renderWithHooks (D:\reader-app-master5\reader-app-master\node_modules\react-dom\cjs\react-dom-server-legacy.node.development.js:4699:19)
  run (D:\reader-app-master5\reader-app-master\node_modules\react-dom\cjs\react-dom-server-legacy.node.development.js:5539:39)
  retryNode (D:\reader-app-master5\reader-app-master\node_modules\react-dom\cjs\react-dom-server-legacy.node.development.js:5899:31)
  renderNodeDestructive (D:\reader-app-master5\reader-app-master\node_modules\react-dom\cjs\react-dom-server-legacy.node.development.js:5849:11)
λ  WARN  Image: style.resizeMode is deprecated. Please use props.resizeMode. 
  console.warn (D:\reader-app-master5\reader-app-master\node_modules\expo\node_modules\@expo\cli\src\start\server\serverLogLikeMetro.ts:161:21)
  warnOnce (D:\reader-app-master5\reader-app-master\node_modules\react-native-web\dist\modules\warnOnce\index.js:24:13)
  extractNonStandardStyleProps (D:\reader-app-master5\reader-app-master\node_modules\react-native-web\dist\exports\Image\index.js:59:13)
  Component (D:\reader-app-master5\reader-app-master\node_modules\react-native-web\dist\exports\Image\index.js:181:31)
  Object.callComponentInDEV [as react-stack-bottom-frame] (D:\reader-app-master5\reader-app-master\node_modules\react-dom\cjs\react-dom-server-legacy.node.development.js:8970:18)
  renderWithHooks (D:\reader-app-master5\reader-app-master\node_modules\react-dom\cjs\react-dom-server-legacy.node.development.js:4699:19)
  run (D:\reader-app-master5\reader-app-master\node_modules\react-dom\cjs\react-dom-server-legacy.node.development.js:5539:39)
  retryNode (D:\reader-app-master5\reader-app-master\node_modules\react-dom\cjs\react-dom-server-legacy.node.development.js:5899:31)
  renderNodeDestructive (D:\reader-app-master5\reader-app-master\node_modules\react-dom\cjs\react-dom-server-legacy.node.development.js:5849:11)
  renderNode (D:\reader-app-master5\reader-app-master\node_modules\react-dom\cjs\react-dom-server-legacy.node.development.js:6306:18)
[expo-av]: Expo AV has been deprecated and will be removed in SDK 54. Use the `expo-audio` and `expo-video` packages to replace the required functionality.
"shadow*" style props are deprecated. Use "boxShadow".
λ  WARN  Animated: `useNativeDriver` is not supported because the native animated module is missing. Falling back to JS-based animation. To resolve this, add `RCTAnimation` module to this app, or remove `useNativeDriver`. Make sure to run `bundle exec pod install` first. Read more about autolinking: https://github.com/react-native-community/cli/blob/master/docs/autolinking.md 
  console.warn (D:\reader-app-master5\reader-app-master\node_modules\expo\node_modules\@expo\cli\src\start\server\serverLogLikeMetro.ts:161:21)
  shouldUseNativeDriver (D:\reader-app-master5\reader-app-master\node_modules\react-native-web\dist\vendor\react-native\Animated\NativeAnimatedHelper.js:410:15)
  new AnimatedEvent (D:\reader-app-master5\reader-app-master\node_modules\react-native-web\dist\vendor\react-native\Animated\AnimatedEvent.js:92:44)
  Object.event (D:\reader-app-master5\reader-app-master\node_modules\react-native-web\dist\vendor\react-native\Animated\AnimatedImplementation.js:396:23)
  Component (D:\reader-app-master5\reader-app-master\app\index.tsx:85:34)
  Object.callComponentInDEV [as react-stack-bottom-frame] (D:\reader-app-master5\reader-app-master\node_modules\react-dom\cjs\react-dom-server-legacy.node.development.js:8970:18)
  renderWithHooks (D:\reader-app-master5\reader-app-master\node_modules\react-dom\cjs\react-dom-server-legacy.node.development.js:4699:19)
  run (D:\reader-app-master5\reader-app-master\node_modules\react-dom\cjs\react-dom-server-legacy.node.development.js:5134:23)
  retryNode (D:\reader-app-master5\reader-app-master\node_modules\react-dom\cjs\react-dom-server-legacy.node.development.js:5899:31)
  renderNodeDestructive (D:\reader-app-master5\reader-app-master\node_modules\react-dom\cjs\react-dom-server-legacy.node.development.js:5849:11)
λ  WARN  props.pointerEvents is deprecated. Use style.pointerEvents 
  console.warn (D:\reader-app-master5\reader-app-master\node_modules\expo\node_modules\@expo\cli\src\start\server\serverLogLikeMetro.ts:161:21)
  warnOnce (D:\reader-app-master5\reader-app-master\node_modules\react-native-web\dist\modules\warnOnce\index.js:24:13)
  createDOMProps (D:\reader-app-master5\reader-app-master\node_modules\react-native-web\dist\modules\createDOMProps\index.js:805:13)
  createElement (D:\reader-app-master5\reader-app-master\node_modules\react-native-web\dist\exports\createElement\index.js:23:32)
  Component (D:\reader-app-master5\reader-app-master\node_modules\react-native-web\dist\exports\View\index.js:111:23)
  Object.callComponentInDEV [as react-stack-bottom-frame] (D:\reader-app-master5\reader-app-master\node_modules\react-dom\cjs\react-dom-server-legacy.node.development.js:8970:18)
  renderWithHooks (D:\reader-app-master5\reader-app-master\node_modules\react-dom\cjs\react-dom-server-legacy.node.development.js:4699:19)
  run (D:\reader-app-master5\reader-app-master\node_modules\react-dom\cjs\react-dom-server-legacy.node.development.js:5539:39)
  retryNode (D:\reader-app-master5\reader-app-master\node_modules\react-dom\cjs\react-dom-server-legacy.node.development.js:5899:31)
  renderNodeDestructive (D:\reader-app-master5\reader-app-master\node_modules\react-dom\cjs\react-dom-server-legacy.node.development.js:5849:11)
λ  WARN  Image: style.resizeMode is deprecated. Please use props.resizeMode. 
  console.warn (D:\reader-app-master5\reader-app-master\node_modules\expo\node_modules\@expo\cli\src\start\server\serverLogLikeMetro.ts:161:21)
  warnOnce (D:\reader-app-master5\reader-app-master\node_modules\react-native-web\dist\modules\warnOnce\index.js:24:13)
  extractNonStandardStyleProps (D:\reader-app-master5\reader-app-master\node_modules\react-native-web\dist\exports\Image\index.js:59:13)
  Component (D:\reader-app-master5\reader-app-master\node_modules\react-native-web\dist\exports\Image\index.js:181:31)
  Object.callComponentInDEV [as react-stack-bottom-frame] (D:\reader-app-master5\reader-app-master\node_modules\react-dom\cjs\react-dom-server-legacy.node.development.js:8970:18)
  renderWithHooks (D:\reader-app-master5\reader-app-master\node_modules\react-dom\cjs\react-dom-server-legacy.node.development.js:4699:19)
  run (D:\reader-app-master5\reader-app-master\node_modules\react-dom\cjs\react-dom-server-legacy.node.development.js:5539:39)
  retryNode (D:\reader-app-master5\reader-app-master\node_modules\react-dom\cjs\react-dom-server-legacy.node.development.js:5899:31)
  renderNodeDestructive (D:\reader-app-master5\reader-app-master\node_modules\react-dom\cjs\react-dom-server-legacy.node.development.js:5849:11)
  renderNode (D:\reader-app-master5\reader-app-master\node_modules\react-dom\cjs\react-dom-server-legacy.node.development.js:6306:18)
